{"/Users/jee/Documents/api_server_dev/src/auth/Jwt.ts": {"path":"/Users/jee/Documents/api_server_dev/src/auth/Jwt.ts","statementMap":{"0":{"start":{"line":11,"column":27},"end":{"line":30,"column":1}},"1":{"start":{"line":12,"column":30},"end":{"line":12,"column":34}},"2":{"start":{"line":13,"column":16},"end":{"line":27,"column":3}},"3":{"start":{"line":29,"column":2},"end":{"line":29,"column":15}},"4":{"start":{"line":32,"column":34},"end":{"line":46,"column":1}},"5":{"start":{"line":33,"column":2},"end":{"line":33,"column":39}},"6":{"start":{"line":34,"column":16},"end":{"line":43,"column":3}},"7":{"start":{"line":45,"column":2},"end":{"line":45,"column":15}},"8":{"start":{"line":54,"column":26},"end":{"line":88,"column":1}},"9":{"start":{"line":55,"column":2},"end":{"line":87,"column":3}},"10":{"start":{"line":56,"column":4},"end":{"line":60,"column":7}},"11":{"start":{"line":57,"column":24},"end":{"line":57,"column":61}},"12":{"start":{"line":58,"column":34},"end":{"line":58,"column":47}},"13":{"start":{"line":59,"column":6},"end":{"line":59,"column":22}},"14":{"start":{"line":62,"column":4},"end":{"line":86,"column":5}},"15":{"start":{"line":65,"column":8},"end":{"line":82,"column":11}},"16":{"start":{"line":66,"column":10},"end":{"line":80,"column":11}},"17":{"start":{"line":67,"column":12},"end":{"line":79,"column":17}},"18":{"start":{"line":69,"column":28},"end":{"line":69,"column":45}},"19":{"start":{"line":70,"column":44},"end":{"line":70,"column":57}},"20":{"start":{"line":71,"column":16},"end":{"line":71,"column":32}},"21":{"start":{"line":77,"column":16},"end":{"line":77,"column":31}},"22":{"start":{"line":78,"column":16},"end":{"line":78,"column":33}},"23":{"start":{"line":81,"column":10},"end":{"line":81,"column":27}},"24":{"start":{"line":85,"column":8},"end":{"line":85,"column":25}},"25":{"start":{"line":91,"column":27},"end":{"line":108,"column":1}},"26":{"start":{"line":92,"column":2},"end":{"line":107,"column":5}},"27":{"start":{"line":93,"column":4},"end":{"line":106,"column":7}},"28":{"start":{"line":94,"column":6},"end":{"line":104,"column":7}},"29":{"start":{"line":95,"column":8},"end":{"line":103,"column":9}},"30":{"start":{"line":97,"column":12},"end":{"line":97,"column":81}},"31":{"start":{"line":98,"column":12},"end":{"line":98,"column":18}},"32":{"start":{"line":101,"column":12},"end":{"line":101,"column":53}},"33":{"start":{"line":102,"column":12},"end":{"line":102,"column":18}},"34":{"start":{"line":105,"column":6},"end":{"line":105,"column":47}}},"fnMap":{"0":{"name":"(anonymous_0)","decl":{"start":{"line":11,"column":27},"end":{"line":11,"column":28}},"loc":{"start":{"line":11,"column":52},"end":{"line":30,"column":1}},"line":11},"1":{"name":"(anonymous_1)","decl":{"start":{"line":32,"column":34},"end":{"line":32,"column":35}},"loc":{"start":{"line":32,"column":58},"end":{"line":46,"column":1}},"line":32},"2":{"name":"(anonymous_2)","decl":{"start":{"line":54,"column":26},"end":{"line":54,"column":27}},"loc":{"start":{"line":54,"column":81},"end":{"line":88,"column":1}},"line":54},"3":{"name":"(anonymous_3)","decl":{"start":{"line":56,"column":39},"end":{"line":56,"column":40}},"loc":{"start":{"line":56,"column":77},"end":{"line":60,"column":5}},"line":56},"4":{"name":"(anonymous_4)","decl":{"start":{"line":65,"column":53},"end":{"line":65,"column":54}},"loc":{"start":{"line":65,"column":68},"end":{"line":82,"column":9}},"line":65},"5":{"name":"(anonymous_5)","decl":{"start":{"line":68,"column":20},"end":{"line":68,"column":21}},"loc":{"start":{"line":68,"column":26},"end":{"line":72,"column":15}},"line":68},"6":{"name":"(anonymous_6)","decl":{"start":{"line":73,"column":21},"end":{"line":73,"column":22}},"loc":{"start":{"line":73,"column":48},"end":{"line":79,"column":15}},"line":73},"7":{"name":"(anonymous_7)","decl":{"start":{"line":91,"column":27},"end":{"line":91,"column":28}},"loc":{"start":{"line":91,"column":46},"end":{"line":108,"column":1}},"line":91},"8":{"name":"(anonymous_8)","decl":{"start":{"line":92,"column":41},"end":{"line":92,"column":42}},"loc":{"start":{"line":92,"column":62},"end":{"line":107,"column":3}},"line":92},"9":{"name":"(anonymous_9)","decl":{"start":{"line":93,"column":33},"end":{"line":93,"column":34}},"loc":{"start":{"line":93,"column":61},"end":{"line":106,"column":5}},"line":93}},"branchMap":{"0":{"loc":{"start":{"line":62,"column":4},"end":{"line":86,"column":5}},"type":"switch","locations":[{"start":{"line":63,"column":6},"end":{"line":82,"column":11}},{"start":{"line":84,"column":6},"end":{"line":85,"column":25}}],"line":62},"1":{"loc":{"start":{"line":66,"column":10},"end":{"line":80,"column":11}},"type":"if","locations":[{"start":{"line":66,"column":10},"end":{"line":80,"column":11}},{"start":{"line":66,"column":10},"end":{"line":80,"column":11}}],"line":66},"2":{"loc":{"start":{"line":94,"column":6},"end":{"line":104,"column":7}},"type":"if","locations":[{"start":{"line":94,"column":6},"end":{"line":104,"column":7}},{"start":{"line":94,"column":6},"end":{"line":104,"column":7}}],"line":94},"3":{"loc":{"start":{"line":95,"column":8},"end":{"line":103,"column":9}},"type":"switch","locations":[{"start":{"line":96,"column":10},"end":{"line":98,"column":18}},{"start":{"line":100,"column":10},"end":{"line":102,"column":18}}],"line":95}},"s":{"0":1,"1":3,"2":3,"3":3,"4":1,"5":0,"6":0,"7":0,"8":1,"9":0,"10":0,"11":0,"12":0,"13":0,"14":0,"15":0,"16":0,"17":0,"18":0,"19":0,"20":0,"21":0,"22":0,"23":0,"24":0,"25":1,"26":1,"27":1,"28":1,"29":0,"30":0,"31":0,"32":0,"33":0,"34":1},"f":{"0":3,"1":0,"2":0,"3":0,"4":0,"5":0,"6":0,"7":1,"8":1,"9":1},"b":{"0":[0,0],"1":[0,0],"2":[0,1],"3":[0,0]},"_coverageSchema":"1a1c01bbd47fc00a2c39e90264f33305004495a9","hash":"7ff7b17de895152ff4f50dec56dec70292c0c48c"}
,"/Users/jee/Documents/api_server_dev/src/auth/JwtConfig.ts": {"path":"/Users/jee/Documents/api_server_dev/src/auth/JwtConfig.ts","statementMap":{"0":{"start":{"line":6,"column":25},"end":{"line":6,"column":57}},"1":{"start":{"line":7,"column":0},"end":{"line":7,"column":51}}},"fnMap":{},"branchMap":{"0":{"loc":{"start":{"line":6,"column":25},"end":{"line":6,"column":57}},"type":"binary-expr","locations":[{"start":{"line":6,"column":25},"end":{"line":6,"column":47}},{"start":{"line":6,"column":51},"end":{"line":6,"column":57}}],"line":6}},"s":{"0":1,"1":1},"f":{},"b":{"0":[1,1]},"_coverageSchema":"1a1c01bbd47fc00a2c39e90264f33305004495a9","hash":"ab71f4fbe865e0a0be0c660c8206befab5c89331"}
,"/Users/jee/Documents/api_server_dev/src/db/user/FindUser.ts": {"path":"/Users/jee/Documents/api_server_dev/src/db/user/FindUser.ts","statementMap":{"0":{"start":{"line":3,"column":27},"end":{"line":3,"column":63}},"1":{"start":{"line":3,"column":39},"end":{"line":3,"column":63}},"2":{"start":{"line":5,"column":28},"end":{"line":5,"column":81}},"3":{"start":{"line":5,"column":50},"end":{"line":5,"column":81}},"4":{"start":{"line":7,"column":30},"end":{"line":7,"column":87}},"5":{"start":{"line":7,"column":54},"end":{"line":7,"column":87}},"6":{"start":{"line":9,"column":35},"end":{"line":10,"column":90}},"7":{"start":{"line":10,"column":2},"end":{"line":10,"column":90}},"8":{"start":{"line":12,"column":34},"end":{"line":12,"column":74}},"9":{"start":{"line":12,"column":50},"end":{"line":12,"column":74}}},"fnMap":{"0":{"name":"(anonymous_0)","decl":{"start":{"line":3,"column":27},"end":{"line":3,"column":28}},"loc":{"start":{"line":3,"column":39},"end":{"line":3,"column":63}},"line":3},"1":{"name":"(anonymous_1)","decl":{"start":{"line":5,"column":28},"end":{"line":5,"column":29}},"loc":{"start":{"line":5,"column":50},"end":{"line":5,"column":81}},"line":5},"2":{"name":"(anonymous_2)","decl":{"start":{"line":7,"column":30},"end":{"line":7,"column":31}},"loc":{"start":{"line":7,"column":54},"end":{"line":7,"column":87}},"line":7},"3":{"name":"(anonymous_3)","decl":{"start":{"line":9,"column":35},"end":{"line":9,"column":36}},"loc":{"start":{"line":10,"column":2},"end":{"line":10,"column":90}},"line":10},"4":{"name":"(anonymous_4)","decl":{"start":{"line":12,"column":34},"end":{"line":12,"column":35}},"loc":{"start":{"line":12,"column":50},"end":{"line":12,"column":74}},"line":12}},"branchMap":{},"s":{"0":1,"1":0,"2":1,"3":0,"4":1,"5":0,"6":1,"7":0,"8":1,"9":0},"f":{"0":0,"1":0,"2":0,"3":0,"4":0},"b":{},"_coverageSchema":"1a1c01bbd47fc00a2c39e90264f33305004495a9","hash":"4aa2ce099437888369ea99231fc928444a1cfc71"}
,"/Users/jee/Documents/api_server_dev/src/db/user/UserModel.ts": {"path":"/Users/jee/Documents/api_server_dev/src/db/user/UserModel.ts","statementMap":{"0":{"start":{"line":30,"column":17},"end":{"line":35,"column":2}},"1":{"start":{"line":37,"column":19},"end":{"line":58,"column":2}},"2":{"start":{"line":60,"column":25},"end":{"line":60,"column":68}}},"fnMap":{},"branchMap":{},"s":{"0":1,"1":1,"2":1},"f":{},"b":{},"_coverageSchema":"1a1c01bbd47fc00a2c39e90264f33305004495a9","hash":"05ad854047ae57a87c441be15f9ffd280e18796b"}
}
