TN:
SF:src/auth/Jwt.ts
FN:11,(anonymous_0)
FN:32,(anonymous_1)
FN:54,(anonymous_2)
FN:56,(anonymous_3)
FN:65,(anonymous_4)
FN:68,(anonymous_5)
FN:73,(anonymous_6)
FN:91,(anonymous_7)
FN:92,(anonymous_8)
FN:93,(anonymous_9)
FNF:10
FNH:4
FNDA:3,(anonymous_0)
FNDA:0,(anonymous_1)
FNDA:0,(anonymous_2)
FNDA:0,(anonymous_3)
FNDA:0,(anonymous_4)
FNDA:0,(anonymous_5)
FNDA:0,(anonymous_6)
FNDA:1,(anonymous_7)
FNDA:1,(anonymous_8)
FNDA:1,(anonymous_9)
DA:11,1
DA:12,3
DA:13,3
DA:29,3
DA:32,1
DA:33,0
DA:34,0
DA:45,0
DA:54,1
DA:55,0
DA:56,0
DA:57,0
DA:58,0
DA:59,0
DA:62,0
DA:65,0
DA:66,0
DA:67,0
DA:69,0
DA:70,0
DA:71,0
DA:77,0
DA:78,0
DA:81,0
DA:85,0
DA:91,1
DA:92,1
DA:93,1
DA:94,1
DA:95,0
DA:97,0
DA:98,0
DA:101,0
DA:102,0
DA:105,1
LF:35
LH:11
BRDA:62,0,0,0
BRDA:62,0,1,0
BRDA:66,1,0,0
BRDA:66,1,1,0
BRDA:94,2,0,0
BRDA:94,2,1,1
BRDA:95,3,0,0
BRDA:95,3,1,0
BRF:8
BRH:1
end_of_record
TN:
SF:src/auth/JwtConfig.ts
FNF:0
FNH:0
DA:6,1
DA:7,1
LF:2
LH:2
BRDA:6,0,0,1
BRDA:6,0,1,1
BRF:2
BRH:2
end_of_record
TN:
SF:src/db/user/FindUser.ts
FN:3,(anonymous_0)
FN:5,(anonymous_1)
FN:7,(anonymous_2)
FN:9,(anonymous_3)
FN:12,(anonymous_4)
FNF:5
FNH:0
FNDA:0,(anonymous_0)
FNDA:0,(anonymous_1)
FNDA:0,(anonymous_2)
FNDA:0,(anonymous_3)
FNDA:0,(anonymous_4)
DA:3,1
DA:5,1
DA:7,1
DA:9,1
DA:10,0
DA:12,1
LF:6
LH:5
BRF:0
BRH:0
end_of_record
TN:
SF:src/db/user/UserModel.ts
FNF:0
FNH:0
DA:30,1
DA:37,1
DA:60,1
LF:3
LH:3
BRF:0
BRH:0
end_of_record
